<?xml version="1.0" encoding="UTF-8"?>
<!-- Generated by org.testng.reporters.JUnitReportReporter -->
<testsuite hostname="Lenovo-PC" failures="0" tests="6" name="test.test1" time="21.192" errors="0" timestamp="19 Jun 2021 11:57:19 GMT" skipped="0">
  <testcase classname="test.test1" name="verifyOrder" time="3.234"/>
  <testcase classname="test.test1" name="Verifyholdings" time="4.646"/>
  <testcase classname="test.test1" name="Verifyposition" time="3.286"/>
  <testcase classname="test.test1" name="Verifyholdings" time="3.345"/>
  <testcase classname="test.test1" name="verifyOrder" time="3.324"/>
  <testcase classname="test.test1" name="Verifyposition" time="3.357"/>
</testsuite> <!-- test.test1 -->
